{
  "RSpec": {
    "coverage": {
      "/Users/felixtaljaard/Projects/bank-tech-test/spec/account_spec.rb": {
        "lines": [
          null,
          null,
          1,
          1,
          null,
          1,
          7,
          7,
          7,
          7,
          null,
          1,
          1,
          null,
          null,
          1,
          1,
          1,
          null,
          null,
          1,
          1,
          1,
          1,
          null,
          null,
          1,
          1,
          1,
          1,
          1,
          null,
          null,
          1,
          1,
          1,
          null,
          null,
          1,
          4,
          null,
          null,
          null
        ]
      },
      "/Users/felixtaljaard/Projects/bank-tech-test/lib/account.rb": {
        "lines": [
          null,
          null,
          1,
          1,
          null,
          1,
          1,
          null,
          1,
          1,
          null,
          1,
          10,
          10,
          10,
          10,
          null,
          null,
          1,
          8,
          8,
          null,
          null,
          1,
          1,
          1,
          null,
          null,
          1,
          0,
          null,
          null,
          1,
          null,
          1,
          8,
          null,
          null,
          1,
          1,
          null,
          null,
          1,
          9,
          null,
          null
        ]
      },
      "/Users/felixtaljaard/Projects/bank-tech-test/lib/transaction.rb": {
        "lines": [
          null,
          null,
          1,
          1,
          null,
          1,
          1,
          1,
          null,
          1,
          8,
          8,
          8,
          8,
          null,
          null,
          1,
          4,
          null,
          null
        ]
      },
      "/Users/felixtaljaard/Projects/bank-tech-test/lib/statement.rb": {
        "lines": [
          null,
          null,
          1,
          1,
          1,
          null,
          null,
          1,
          4,
          null,
          null,
          1,
          null,
          1,
          1,
          null,
          null,
          1,
          3,
          null,
          null,
          null,
          null,
          null,
          1,
          3,
          null,
          null,
          1,
          9,
          3,
          null,
          6,
          null,
          null,
          null
        ]
      },
      "/Users/felixtaljaard/Projects/bank-tech-test/spec/statement_spec.rb": {
        "lines": [
          null,
          null,
          1,
          1,
          null,
          1,
          2,
          2,
          2,
          2,
          2,
          null,
          1,
          2,
          null,
          null,
          null,
          null,
          null,
          null,
          null
        ]
      },
      "/Users/felixtaljaard/Projects/bank-tech-test/spec/transaction_spec.rb": {
        "lines": [
          null,
          null,
          1,
          1,
          null,
          1,
          5,
          5,
          null,
          1,
          4,
          null,
          null,
          1,
          1,
          1,
          null,
          null,
          null,
          1,
          1,
          1,
          null,
          null,
          null,
          1,
          1,
          1,
          null,
          null,
          null,
          1,
          1,
          1,
          null,
          null,
          null
        ]
      }
    },
    "timestamp": 1650984943
  }
}
